<?xml version="1.0" encoding="UTF-8"?>
<coverage generated="1740772357446" clover="3.2.0">
  <project timestamp="1740772357446" name="All files">
    <metrics statements="4" coveredstatements="3" conditionals="0" coveredconditionals="0" methods="2" coveredmethods="1" elements="6" coveredelements="4" complexity="0" loc="4" ncloc="4" packages="1" files="1" classes="1"/>
    <file name="item.js" path="/home/lhms/Documents/Meus arquivos/estudos com jest/jest-estudy/carrinho/item.js">
      <metrics statements="4" coveredstatements="3" conditionals="0" coveredconditionals="0" methods="2" coveredmethods="1"/>
      <line num="3" count="1" type="stmt"/>
      <line num="4" count="1" type="stmt"/>
      <line num="5" count="1" type="stmt"/>
      <line num="9" count="0" type="stmt"/>
    </file>
  </project>
</coverage>
